#
# There is insufficient memory for the Java Runtime Environment to continue.
# Native memory allocation (malloc) failed to allocate 1033696 bytes for Chunk::new
# Possible reasons:
#   The system is out of physical RAM or swap space
#   In 32 bit mode, the process size limit was hit
# Possible solutions:
#   Reduce memory load on the system
#   Increase physical memory or swap space
#   Check if swap backing store is full
#   Use 64 bit Java on a 64 bit OS
#   Decrease Java heap size (-Xmx/-Xms)
#   Decrease number of Java threads
#   Decrease Java thread stack sizes (-Xss)
#   Set larger code cache with -XX:ReservedCodeCacheSize=
# This output file may be truncated or incomplete.
#
#  Out of Memory Error (allocation.cpp:390), pid=20608, tid=0x0000000000007a0c
#
# JRE version: Java(TM) SE Runtime Environment (8.0_121-b13) (build 1.8.0_121-b13)
# Java VM: Java HotSpot(TM) 64-Bit Server VM (25.121-b13 mixed mode windows-amd64 compressed oops)
# Failed to write core dump. Minidumps are not enabled by default on client versions of Windows
#

---------------  T H R E A D  ---------------

Current thread (0x00000000164b2000):  JavaThread "C2 CompilerThread1" daemon [_thread_in_native, id=31244, stack(0x0000000016e10000,0x0000000016f10000)]

Stack: [0x0000000016e10000,0x0000000016f10000]
[error occurred during error reporting (printing stack bounds), id 0xc0000005]

Native frames: (J=compiled Java code, j=interpreted, Vv=VM code, C=native code)


Current CompileTask:
C2:   4652 3769       4       java.net.URLClassLoader$1::run (5 bytes)


---------------  P R O C E S S  ---------------

Java Threads: ( => current thread )
  0x000000001655f800 JavaThread "Service Thread" daemon [_thread_blocked, id=10440, stack(0x0000000017110000,0x0000000017210000)]
  0x00000000164be000 JavaThread "C1 CompilerThread3" daemon [_thread_blocked, id=7624, stack(0x0000000017010000,0x0000000017110000)]
  0x00000000164b9800 JavaThread "C2 CompilerThread2" daemon [_thread_in_native, id=31336, stack(0x0000000016f10000,0x0000000017010000)]
=>0x00000000164b2000 JavaThread "C2 CompilerThread1" daemon [_thread_in_native, id=31244, stack(0x0000000016e10000,0x0000000016f10000)]
  0x00000000164b1000 JavaThread "C2 CompilerThread0" daemon [_thread_in_native, id=21788, stack(0x0000000016d10000,0x0000000016e10000)]
  0x0000000016464000 JavaThread "Monitor Ctrl-Break" daemon [_thread_in_native, id=14016, stack(0x0000000016c10000,0x0000000016d10000)]
  0x000000001643a800 JavaThread "Attach Listener" daemon [_thread_blocked, id=24920, stack(0x0000000016b10000,0x0000000016c10000)]
  0x000000001452e800 JavaThread "Signal Dispatcher" daemon [_thread_blocked, id=14484, stack(0x0000000016a10000,0x0000000016b10000)]
  0x0000000016430800 JavaThread "Finalizer" daemon [_thread_blocked, id=26288, stack(0x0000000016810000,0x0000000016910000)]
  0x0000000002ca9000 JavaThread "Reference Handler" daemon [_thread_blocked, id=13048, stack(0x0000000016310000,0x0000000016410000)]
  0x0000000002bb2800 JavaThread "main" [_thread_in_vm, id=31356, stack(0x0000000002990000,0x0000000002a90000)]

Other Threads:
  0x000000001451a000 VMThread [stack: 0x0000000016210000,0x0000000016310000] [id=15292]
  0x0000000016574800 WatcherThread [stack: 0x0000000017210000,0x0000000017310000] [id=30360]

VM state:not at safepoint (normal execution)

VM Mutex/Monitor currently owned by a thread: None

Heap:
 PSYoungGen      total 141824K, used 54914K [0x00000000f5580000, 0x0000000100000000, 0x0000000100000000)
  eden space 131072K, 33% used [0x00000000f5580000,0x00000000f80a4a58,0x00000000fd580000)
  from space 10752K, 99% used [0x00000000fd580000,0x00000000fdffc030,0x00000000fe000000)
  to   space 16896K, 0% used [0x00000000fef80000,0x00000000fef80000,0x0000000100000000)
 ParOldGen       total 175104K, used 8104K [0x00000000e0000000, 0x00000000eab00000, 0x00000000f5580000)
  object space 175104K, 4% used [0x00000000e0000000,0x00000000e07ea1a0,0x00000000eab00000)
 Metaspace       used 19405K, capacity 19888K, committed 20096K, reserved 1067008K
  class space    used 2245K, capacity 2361K, committed 2432K, reserved 1048576K

Card table byte_map: [0x0000000012070000,0x0000000012180000] byte_map_base: 0x0000000011970000

Marking Bits: (ParMarkBitMap*) 0x000000006bc2b6d0
 Begin Bits: [0x0000000012a30000, 0x0000000013230000)
 End Bits:   [0x0000000013230000, 0x0000000013a30000)

Polling page: 0x00000000010d0000

CodeCache: size=245760Kb used=14369Kb max_used=14369Kb free=231390Kb
 bounds [0x0000000002cb0000, 0x0000000003ad0000, 0x0000000011cb0000]
 total_blobs=4140 nmethods=3768 adapters=284
 compilation: enabled

Compilation events (10 events):
Event: 4.649 Thread 0x00000000164be000 3782       3       com.sun.tools.javac.util.SharedNameTable$NameImpl::getByteArray (11 bytes)
Event: 4.649 Thread 0x00000000164be000 nmethod 3782 0x0000000003abfb50 code [0x0000000003abfcc0, 0x0000000003abff10]
Event: 4.649 Thread 0x00000000164be000 3784       3       com.sun.tools.javac.util.Name$Table::equals (44 bytes)
Event: 4.649 Thread 0x00000000164be000 nmethod 3784 0x0000000003abf550 code [0x0000000003abf6c0, 0x0000000003abf970]
Event: 4.650 Thread 0x00000000164be000 3783       3       com.sun.tools.javac.util.Convert::chars2utf (159 bytes)
Event: 4.650 Thread 0x00000000164be000 nmethod 3783 0x0000000003ac1310 code [0x0000000003ac14a0, 0x0000000003ac1890]
Event: 4.650 Thread 0x00000000164be000 3787       3       com.sun.tools.javac.util.List::nil (4 bytes)
Event: 4.650 Thread 0x00000000164be000 nmethod 3787 0x0000000003abf1d0 code [0x0000000003abf320, 0x0000000003abf450]
Event: 4.651 Thread 0x00000000164be000 3786       3       com.sun.tools.javac.util.ArrayUtils::ensureCapacity (30 bytes)
Event: 4.651 Thread 0x00000000164be000 nmethod 3786 0x0000000003ac1c50 code [0x0000000003ac1de0, 0x0000000003ac2188]

GC Heap History (10 events):
Event: 1.514 GC heap before
{Heap before GC invocations=1 (full 0):
 PSYoungGen      total 76288K, used 65536K [0x00000000f5580000, 0x00000000faa80000, 0x0000000100000000)
  eden space 65536K, 100% used [0x00000000f5580000,0x00000000f9580000,0x00000000f9580000)
  from space 10752K, 0% used [0x00000000fa000000,0x00000000fa000000,0x00000000faa80000)
  to   space 10752K, 0% used [0x00000000f9580000,0x00000000f9580000,0x00000000fa000000)
 ParOldGen       total 175104K, used 0K [0x00000000e0000000, 0x00000000eab00000, 0x00000000f5580000)
  object space 175104K, 0% used [0x00000000e0000000,0x00000000e0000000,0x00000000eab00000)
 Metaspace       used 10778K, capacity 10944K, committed 11136K, reserved 1058816K
  class space    used 1309K, capacity 1348K, committed 1408K, reserved 1048576K
Event: 1.521 GC heap after
Heap after GC invocations=1 (full 0):
 PSYoungGen      total 76288K, used 8411K [0x00000000f5580000, 0x00000000faa80000, 0x0000000100000000)
  eden space 65536K, 0% used [0x00000000f5580000,0x00000000f5580000,0x00000000f9580000)
  from space 10752K, 78% used [0x00000000f9580000,0x00000000f9db6fb8,0x00000000fa000000)
  to   space 10752K, 0% used [0x00000000fa000000,0x00000000fa000000,0x00000000faa80000)
 ParOldGen       total 175104K, used 16K [0x00000000e0000000, 0x00000000eab00000, 0x00000000f5580000)
  object space 175104K, 0% used [0x00000000e0000000,0x00000000e0004000,0x00000000eab00000)
 Metaspace       used 10778K, capacity 10944K, committed 11136K, reserved 1058816K
  class space    used 1309K, capacity 1348K, committed 1408K, reserved 1048576K
}
Event: 2.369 GC heap before
{Heap before GC invocations=2 (full 0):
 PSYoungGen      total 76288K, used 73947K [0x00000000f5580000, 0x00000000faa80000, 0x0000000100000000)
  eden space 65536K, 100% used [0x00000000f5580000,0x00000000f9580000,0x00000000f9580000)
  from space 10752K, 78% used [0x00000000f9580000,0x00000000f9db6fb8,0x00000000fa000000)
  to   space 10752K, 0% used [0x00000000fa000000,0x00000000fa000000,0x00000000faa80000)
 ParOldGen       total 175104K, used 16K [0x00000000e0000000, 0x00000000eab00000, 0x00000000f5580000)
  object space 175104K, 0% used [0x00000000e0000000,0x00000000e0004000,0x00000000eab00000)
 Metaspace       used 15830K, capacity 16114K, committed 16384K, reserved 1062912K
  class space    used 1910K, capacity 2006K, committed 2048K, reserved 1048576K
Event: 2.379 GC heap after
Heap after GC invocations=2 (full 0):
 PSYoungGen      total 76288K, used 10319K [0x00000000f5580000, 0x00000000faa80000, 0x0000000100000000)
  eden space 65536K, 0% used [0x00000000f5580000,0x00000000f5580000,0x00000000f9580000)
  from space 10752K, 95% used [0x00000000fa000000,0x00000000faa13c50,0x00000000faa80000)
  to   space 10752K, 0% used [0x00000000f9580000,0x00000000f9580000,0x00000000fa000000)
 ParOldGen       total 175104K, used 24K [0x00000000e0000000, 0x00000000eab00000, 0x00000000f5580000)
  object space 175104K, 0% used [0x00000000e0000000,0x00000000e0006000,0x00000000eab00000)
 Metaspace       used 15830K, capacity 16114K, committed 16384K, reserved 1062912K
  class space    used 1910K, capacity 2006K, committed 2048K, reserved 1048576K
}
Event: 2.834 GC heap before
{Heap before GC invocations=3 (full 0):
 PSYoungGen      total 76288K, used 75855K [0x00000000f5580000, 0x00000000faa80000, 0x0000000100000000)
  eden space 65536K, 100% used [0x00000000f5580000,0x00000000f9580000,0x00000000f9580000)
  from space 10752K, 95% used [0x00000000fa000000,0x00000000faa13c50,0x00000000faa80000)
  to   space 10752K, 0% used [0x00000000f9580000,0x00000000f9580000,0x00000000fa000000)
 ParOldGen       total 175104K, used 24K [0x00000000e0000000, 0x00000000eab00000, 0x00000000f5580000)
  object space 175104K, 0% used [0x00000000e0000000,0x00000000e0006000,0x00000000eab00000)
 Metaspace       used 16463K, capacity 16796K, committed 17152K, reserved 1064960K
  class space    used 1924K, capacity 2013K, committed 2048K, reserved 1048576K
Event: 2.843 GC heap after
Heap after GC invocations=3 (full 0):
 PSYoungGen      total 76288K, used 9536K [0x00000000f5580000, 0x00000000fea80000, 0x0000000100000000)
  eden space 65536K, 0% used [0x00000000f5580000,0x00000000f5580000,0x00000000f9580000)
  from space 10752K, 88% used [0x00000000f9580000,0x00000000f9ed0250,0x00000000fa000000)
  to   space 10752K, 0% used [0x00000000fe000000,0x00000000fe000000,0x00000000fea80000)
 ParOldGen       total 175104K, used 32K [0x00000000e0000000, 0x00000000eab00000, 0x00000000f5580000)
  object space 175104K, 0% used [0x00000000e0000000,0x00000000e0008000,0x00000000eab00000)
 Metaspace       used 16463K, capacity 16796K, committed 17152K, reserved 1064960K
  class space    used 1924K, capacity 2013K, committed 2048K, reserved 1048576K
}
Event: 3.173 GC heap before
{Heap before GC invocations=4 (full 0):
 PSYoungGen      total 76288K, used 75072K [0x00000000f5580000, 0x00000000fea80000, 0x0000000100000000)
  eden space 65536K, 100% used [0x00000000f5580000,0x00000000f9580000,0x00000000f9580000)
  from space 10752K, 88% used [0x00000000f9580000,0x00000000f9ed0250,0x00000000fa000000)
  to   space 10752K, 0% used [0x00000000fe000000,0x00000000fe000000,0x00000000fea80000)
 ParOldGen       total 175104K, used 32K [0x00000000e0000000, 0x00000000eab00000, 0x00000000f5580000)
  object space 175104K, 0% used [0x00000000e0000000,0x00000000e0008000,0x00000000eab00000)
 Metaspace       used 16751K, capacity 17058K, committed 17408K, reserved 1064960K
  class space    used 1924K, capacity 2014K, committed 2048K, reserved 1048576K
Event: 3.184 GC heap after
Heap after GC invocations=4 (full 0):
 PSYoungGen      total 141824K, used 10720K [0x00000000f5580000, 0x00000000fea80000, 0x0000000100000000)
  eden space 131072K, 0% used [0x00000000f5580000,0x00000000f5580000,0x00000000fd580000)
  from space 10752K, 99% used [0x00000000fe000000,0x00000000fea78020,0x00000000fea80000)
  to   space 10752K, 0% used [0x00000000fd580000,0x00000000fd580000,0x00000000fe000000)
 ParOldGen       total 175104K, used 1688K [0x00000000e0000000, 0x00000000eab00000, 0x00000000f5580000)
  object space 175104K, 0% used [0x00000000e0000000,0x00000000e01a6000,0x00000000eab00000)
 Metaspace       used 16751K, capacity 17058K, committed 17408K, reserved 1064960K
  class space    used 1924K, capacity 2014K, committed 2048K, reserved 1048576K
}
Event: 4.097 GC heap before
{Heap before GC invocations=5 (full 0):
 PSYoungGen      total 141824K, used 141792K [0x00000000f5580000, 0x00000000fea80000, 0x0000000100000000)
  eden space 131072K, 100% used [0x00000000f5580000,0x00000000fd580000,0x00000000fd580000)
  from space 10752K, 99% used [0x00000000fe000000,0x00000000fea78020,0x00000000fea80000)
  to   space 10752K, 0% used [0x00000000fd580000,0x00000000fd580000,0x00000000fe000000)
 ParOldGen       total 175104K, used 1688K [0x00000000e0000000, 0x00000000eab00000, 0x00000000f5580000)
  object space 175104K, 0% used [0x00000000e0000000,0x00000000e01a6000,0x00000000eab00000)
 Metaspace       used 17127K, capacity 17492K, committed 17792K, reserved 1064960K
  class space    used 1942K, capacity 2049K, committed 2176K, reserved 1048576K
Event: 4.124 GC heap after
Heap after GC invocations=5 (full 0):
 PSYoungGen      total 141824K, used 10736K [0x00000000f5580000, 0x0000000100000000, 0x0000000100000000)
  eden space 131072K, 0% used [0x00000000f5580000,0x00000000f5580000,0x00000000fd580000)
  from space 10752K, 99% used [0x00000000fd580000,0x00000000fdffc030,0x00000000fe000000)
  to   space 16896K, 0% used [0x00000000fef80000,0x00000000fef80000,0x0000000100000000)
 ParOldGen       total 175104K, used 8104K [0x00000000e0000000, 0x00000000eab00000, 0x00000000f5580000)
  object space 175104K, 4% used [0x00000000e0000000,0x00000000e07ea1a0,0x00000000eab00000)
 Metaspace       used 17127K, capacity 17492K, committed 17792K, reserved 1064960K
  class space    used 1942K, capacity 2049K, committed 2176K, reserved 1048576K
}

Deoptimization events (10 events):
Event: 4.269 Thread 0x0000000002bb2800 Uncommon trap: reason=class_check action=maybe_recompile pc=0x00000000031be988 method=com.google.inject.internal.LinkedBindingImpl.acceptTargetVisitor(Lcom/google/inject/spi/BindingTargetVisitor;)Ljava/lang/Object; @ 2
Event: 4.271 Thread 0x0000000002bb2800 Uncommon trap: reason=bimorphic action=maybe_recompile pc=0x00000000039d27d4 method=java.util.Collections$UnmodifiableCollection$1.<init>(Ljava/util/Collections$UnmodifiableCollection;)V @ 17
Event: 4.272 Thread 0x0000000002bb2800 Uncommon trap: reason=null_check action=make_not_entrant pc=0x0000000003661b90 method=com.google.inject.internal.InjectorImpl.enterContext()Lcom/google/inject/internal/InternalContext; @ 7
Event: 4.301 Thread 0x0000000002bb2800 Uncommon trap: reason=class_check action=maybe_recompile pc=0x00000000036711f8 method=org.eclipse.sisu.wire.EntryListAdapter$ValueIterator.next()Ljava/lang/Object; @ 4
Event: 4.307 Thread 0x0000000002bb2800 Uncommon trap: reason=class_check action=maybe_recompile pc=0x00000000036711f8 method=org.eclipse.sisu.wire.EntryListAdapter$ValueIterator.next()Ljava/lang/Object; @ 4
Event: 4.503 Thread 0x0000000002bb2800 Uncommon trap: reason=bimorphic action=maybe_recompile pc=0x00000000039d27d4 method=java.util.Collections$UnmodifiableCollection$1.<init>(Ljava/util/Collections$UnmodifiableCollection;)V @ 17
Event: 4.509 Thread 0x0000000002bb2800 Uncommon trap: reason=class_check action=maybe_recompile pc=0x00000000036711f8 method=org.eclipse.sisu.wire.EntryListAdapter$ValueIterator.next()Ljava/lang/Object; @ 4
Event: 4.551 Thread 0x0000000002bb2800 Uncommon trap: reason=bimorphic action=maybe_recompile pc=0x00000000039d27d4 method=java.util.Collections$UnmodifiableCollection$1.<init>(Ljava/util/Collections$UnmodifiableCollection;)V @ 17
Event: 4.551 Thread 0x0000000002bb2800 Uncommon trap: reason=bimorphic action=maybe_recompile pc=0x00000000039d27d4 method=java.util.Collections$UnmodifiableCollection$1.<init>(Ljava/util/Collections$UnmodifiableCollection;)V @ 17
Event: 4.559 Thread 0x0000000002bb2800 Uncommon trap: reason=predicate action=maybe_recompile pc=0x000000000363ab98 method=sun.misc.Resource.getBytes()[B @ 53

Internal exceptions (10 events):
Event: 1.302 Thread 0x0000000002bb2800 Exception <a 'java/lang/ArrayIndexOutOfBoundsException': 66> (0x00000000f8004910) thrown at [C:\re\workspace\8-2-build-windows-amd64-cygwin\jdk8u121\8372\hotspot\src\share\vm\interpreter\interpreterRuntime.cpp, line 366]
Event: 1.827 Thread 0x0000000002bb2800 Exception <a 'java/lang/NoClassDefFoundError': com/google/inject/servlet/ServletModuleTargetVisitor> (0x00000000f70880a0) thrown at [C:\re\workspace\8-2-build-windows-amd64-cygwin\jdk8u121\8372\hotspot\src\share\vm\classfile\systemDictionary.cpp, line 199
Event: 1.827 Thread 0x0000000002bb2800 Exception <a 'java/lang/NoClassDefFoundError'> (0x00000000f70880a0) thrown at [C:\re\workspace\8-2-build-windows-amd64-cygwin\jdk8u121\8372\hotspot\src\share\vm\prims\jvm.cpp, line 1394]
Event: 1.828 Thread 0x0000000002bb2800 Exception <a 'java/lang/NoClassDefFoundError': javax/annotation/Priority> (0x00000000f708d0a8) thrown at [C:\re\workspace\8-2-build-windows-amd64-cygwin\jdk8u121\8372\hotspot\src\share\vm\classfile\systemDictionary.cpp, line 199]
Event: 1.970 Thread 0x0000000002bb2800 Implicit null exception at 0x0000000002e5b59b to 0x0000000002e5b74d
Event: 2.251 Thread 0x0000000002bb2800 Implicit null exception at 0x00000000032caace to 0x00000000032cbd61
Event: 3.217 Thread 0x0000000002bb2800 Implicit null exception at 0x00000000037d7533 to 0x00000000037d770d
Event: 3.935 Thread 0x0000000002bb2800 Implicit null exception at 0x0000000002f562d5 to 0x0000000002f564ad
Event: 4.272 Thread 0x0000000002bb2800 Implicit null exception at 0x000000000366173d to 0x0000000003661b81
Event: 4.555 Thread 0x0000000002bb2800 Exception <a 'java/lang/ClassNotFoundException': com/sun/tools/javac/api/JavacTool> (0x00000000f7b60270) thrown at [C:\re\workspace\8-2-build-windows-amd64-cygwin\jdk8u121\8372\hotspot\src\share\vm\classfile\systemDictionary.cpp, line 210]

Events (10 events):
Event: 4.649 loading class com/sun/tools/javac/code/Symbol$MethodSymbol$2
Event: 4.649 loading class com/sun/tools/javac/code/Symbol$MethodSymbol$2 done
Event: 4.649 loading class com/sun/tools/javac/code/Symtab$1
Event: 4.649 loading class com/sun/tools/javac/code/Symtab$1 done
Event: 4.649 loading class com/sun/tools/javac/code/Symtab$2
Event: 4.649 loading class com/sun/tools/javac/code/Symtab$2 done
Event: 4.650 loading class com/sun/tools/javac/code/Symbol$VarSymbol$1
Event: 4.650 loading class com/sun/tools/javac/code/Symbol$VarSymbol$1 done
Event: 4.650 loading class com/sun/tools/javac/code/Types
Event: 4.650 loading class com/sun/tools/javac/code/Types done


Dynamic libraries:
0x00007ff71b1a0000 - 0x00007ff71b1d7000 	C:\Program Files\Java\jdk1.8.0_121\bin\java.exe
0x00007ffa4b5e0000 - 0x00007ffa4b7e9000 	C:\WINDOWS\SYSTEM32\ntdll.dll
0x00007ffa4b160000 - 0x00007ffa4b21e000 	C:\WINDOWS\System32\KERNEL32.DLL
0x00007ffa48b70000 - 0x00007ffa48ef4000 	C:\WINDOWS\System32\KERNELBASE.dll
0x00007ffa4ae30000 - 0x00007ffa4aedf000 	C:\WINDOWS\System32\ADVAPI32.dll
0x00007ffa49da0000 - 0x00007ffa49e43000 	C:\WINDOWS\System32\msvcrt.dll
0x00007ffa4b480000 - 0x00007ffa4b51e000 	C:\WINDOWS\System32\sechost.dll
0x00007ffa49a70000 - 0x00007ffa49b91000 	C:\WINDOWS\System32\RPCRT4.dll
0x00007ffa4ac60000 - 0x00007ffa4ae0d000 	C:\WINDOWS\System32\USER32.dll
0x00007ffa48f00000 - 0x00007ffa48f26000 	C:\WINDOWS\System32\win32u.dll
0x00007ffa49cc0000 - 0x00007ffa49cea000 	C:\WINDOWS\System32\GDI32.dll
0x00007ffa491b0000 - 0x00007ffa492cf000 	C:\WINDOWS\System32\gdi32full.dll
0x00007ffa49050000 - 0x00007ffa490ed000 	C:\WINDOWS\System32\msvcp_win.dll
0x00007ffa48f30000 - 0x00007ffa49041000 	C:\WINDOWS\System32\ucrtbase.dll
0x00007ffa37110000 - 0x00007ffa373b5000 	C:\WINDOWS\WinSxS\amd64_microsoft.windows.common-controls_6595b64144ccf1df_6.0.22000.120_none_9d947278b86cc467\COMCTL32.dll
0x00007ffa49d00000 - 0x00007ffa49d31000 	C:\WINDOWS\System32\IMM32.DLL
0x000000006bcb0000 - 0x000000006bd82000 	C:\Program Files\Java\jdk1.8.0_121\jre\bin\msvcr100.dll
0x000000006b410000 - 0x000000006bcab000 	C:\Program Files\Java\jdk1.8.0_121\jre\bin\server\jvm.dll
0x00007ffa4afb0000 - 0x00007ffa4afb8000 	C:\WINDOWS\System32\PSAPI.DLL
0x00007ffa41140000 - 0x00007ffa41173000 	C:\WINDOWS\SYSTEM32\WINMM.dll
0x00007ffa40a20000 - 0x00007ffa40a2a000 	C:\WINDOWS\SYSTEM32\VERSION.dll
0x00007ffa361c0000 - 0x00007ffa361c9000 	C:\WINDOWS\SYSTEM32\WSOCK32.dll
0x00007ffa4b2b0000 - 0x00007ffa4b31f000 	C:\WINDOWS\System32\WS2_32.dll
0x000000006b400000 - 0x000000006b40f000 	C:\Program Files\Java\jdk1.8.0_121\jre\bin\verify.dll
0x000000006b3d0000 - 0x000000006b3f9000 	C:\Program Files\Java\jdk1.8.0_121\jre\bin\java.dll
0x000000006ad20000 - 0x000000006ad43000 	C:\Program Files\Java\jdk1.8.0_121\jre\bin\instrument.dll
0x000000006b3b0000 - 0x000000006b3c6000 	C:\Program Files\Java\jdk1.8.0_121\jre\bin\zip.dll
0x00007ffa4a010000 - 0x00007ffa4a7d5000 	C:\WINDOWS\System32\SHELL32.dll
0x00007ffa469e0000 - 0x00007ffa47244000 	C:\WINDOWS\SYSTEM32\windows.storage.dll
0x00007ffa496f0000 - 0x00007ffa49a66000 	C:\WINDOWS\System32\combase.dll
0x00007ffa46870000 - 0x00007ffa469d7000 	C:\WINDOWS\SYSTEM32\wintypes.dll
0x00007ffa4afc0000 - 0x00007ffa4b0aa000 	C:\WINDOWS\System32\SHCORE.dll
0x00007ffa49d40000 - 0x00007ffa49d9d000 	C:\WINDOWS\System32\shlwapi.dll
0x00007ffa489b0000 - 0x00007ffa489d1000 	C:\WINDOWS\SYSTEM32\profapi.dll
0x00007ffa38b10000 - 0x00007ffa38b2a000 	C:\Program Files\JetBrains\IntelliJ IDEA Community Edition 2023.1.1\bin\breakgen64.dll
0x000000006b390000 - 0x000000006b3aa000 	C:\Program Files\Java\jdk1.8.0_121\jre\bin\net.dll
0x00007ffa47f60000 - 0x00007ffa47fc7000 	C:\WINDOWS\system32\mswsock.dll
0x00007ffa48190000 - 0x00007ffa481a8000 	C:\WINDOWS\SYSTEM32\CRYPTSP.dll
0x00007ffa47a10000 - 0x00007ffa47a45000 	C:\WINDOWS\system32\rsaenh.dll
0x00007ffa48020000 - 0x00007ffa48049000 	C:\WINDOWS\SYSTEM32\USERENV.dll
0x00007ffa48370000 - 0x00007ffa48397000 	C:\WINDOWS\SYSTEM32\bcrypt.dll
0x00007ffa48af0000 - 0x00007ffa48b6f000 	C:\WINDOWS\System32\bcryptprimitives.dll
0x00007ffa481b0000 - 0x00007ffa481bc000 	C:\WINDOWS\SYSTEM32\CRYPTBASE.dll
0x00007ffa475d0000 - 0x00007ffa475fd000 	C:\WINDOWS\SYSTEM32\IPHLPAPI.DLL
0x00007ffa4ac50000 - 0x00007ffa4ac59000 	C:\WINDOWS\System32\NSI.dll
0x00007ffa40af0000 - 0x00007ffa40b09000 	C:\WINDOWS\SYSTEM32\dhcpcsvc6.DLL
0x00007ffa413b0000 - 0x00007ffa413ce000 	C:\WINDOWS\SYSTEM32\dhcpcsvc.DLL
0x00007ffa47600000 - 0x00007ffa476e7000 	C:\WINDOWS\SYSTEM32\DNSAPI.dll
0x000000006b2a0000 - 0x000000006b2b1000 	C:\Program Files\Java\jdk1.8.0_121\jre\bin\nio.dll
0x00007ffa44f30000 - 0x00007ffa44f3a000 	C:\Users\sspin\AppData\Local\Temp\jansi-1.17.1-5161737935146170938.dll

VM Arguments:
jvm_args: -Dmaven.multiModuleProjectDirectory=C:\Users\sspin\IdeaProjects\restful-booker-serenity-week18 -Djansi.passthrough=true -Xms256m -Xmx512m -Dmaven.home=C:\Program Files\JetBrains\IntelliJ IDEA Community Edition 2023.1.1\plugins\maven\lib\maven3 -Dclassworlds.conf=C:\Program Files\JetBrains\IntelliJ IDEA Community Edition 2023.1.1\plugins\maven\lib\maven3\bin\m2.conf -Dmaven.ext.class.path=C:\Program Files\JetBrains\IntelliJ IDEA Community Edition 2023.1.1\plugins\maven\lib\maven-event-listener.jar -javaagent:C:\Program Files\JetBrains\IntelliJ IDEA Community Edition 2023.1.1\lib\idea_rt.jar=19615:C:\Program Files\JetBrains\IntelliJ IDEA Community Edition 2023.1.1\bin -Dfile.encoding=UTF-8 
java_command: org.codehaus.classworlds.Launcher -Didea.version=2023.1.1 install
java_class_path (initial): C:\Program Files\JetBrains\IntelliJ IDEA Community Edition 2023.1.1\plugins\maven\lib\maven3\boot\plexus-classworlds-2.6.0.jar;C:\Program Files\JetBrains\IntelliJ IDEA Community Edition 2023.1.1\plugins\maven\lib\maven3\boot\plexus-classworlds.license;C:\Program Files\JetBrains\IntelliJ IDEA Community Edition 2023.1.1\lib\idea_rt.jar
Launcher Type: SUN_STANDARD

Environment Variables:
JAVA_HOME=C:\Program Files\Java\jdk1.8.0_121
PATH=C:\ProgramData\Oracle\Java\javapath;C:\Program Files\Common Files\Oracle\Java\javapath;C:\Program Files (x86)\Intel\Intel(R) Management Engine Components\iCLS\;C:\Program Files\Intel\Intel(R) Management Engine Components\iCLS\;C:\WINDOWS\system32;C:\WINDOWS;C:\WINDOWS\System32\Wbem;C:\WINDOWS\System32\WindowsPowerShell\v1.0\;C:\WINDOWS\System32\OpenSSH\;C:\Program Files (x86)\Intel\Intel(R) Management Engine Components\DAL;C:\Program Files\Intel\Intel(R) Management Engine Components\DAL;C:\Program Files (x86)\Intel\Intel(R) Management Engine Components\IPT;C:\Program Files\Intel\Intel(R) Management Engine Components\IPT;C:\Program Files (x86)\HP\LoadRunner\strawberry-perl\perl\bin;C:\Program Files\dotnet\;C:\apache-maven-3.8.6\bin;C:\Program Files\Java\jdk1.8.0_73\bin;C:\Program Files\Git\cmd;C:\Program Files\Java\jdk1.8.0_121\bin;C:\Apache\apache-maven-3.9.3\bin;C:\Program Files\nodejs\;C:\Users\sspin\AppData\Local\Microsoft\WindowsApps;C:\Users\sspin\AppData\Roaming\npm
USERNAME=sspink2109
OS=Windows_NT
PROCESSOR_IDENTIFIER=Intel64 Family 6 Model 142 Stepping 10, GenuineIntel



---------------  S Y S T E M  ---------------

OS: Windows 10.0 , 64 bit Build 22000 (10.0.22000.2003)

CPU:total 8 (4 cores per cpu, 2 threads per core) family 6 model 142 stepping 10, cmov, cx8, fxsr, mmx, sse, sse2, sse3, ssse3, sse4.1, sse4.2, popcnt, avx, avx2, aes, clmul, erms, 3dnowpref, lzcnt, ht, tsc, tscinvbit, bmi1, bmi2, adx

Memory: 4k page, physical 8218028k(454668k free), swap 19300648k(8120k free)

vm_info: Java HotSpot(TM) 64-Bit Server VM (25.121-b13) for windows-amd64 JRE (1.8.0_121-b13), built on Dec 12 2016 18:21:36 by "java_re" with MS VC++ 10.0 (VS2010)

time: Tue Aug 08 13:39:01 2023
elapsed time: 4 seconds (0d 0h 0m 4s)

