#
# There is insufficient memory for the Java Runtime Environment to continue.
# Native memory allocation (malloc) failed to allocate 325296 bytes for Chunk::new
# Possible reasons:
#   The system is out of physical RAM or swap space
#   In 32 bit mode, the process size limit was hit
# Possible solutions:
#   Reduce memory load on the system
#   Increase physical memory or swap space
#   Check if swap backing store is full
#   Use 64 bit Java on a 64 bit OS
#   Decrease Java heap size (-Xmx/-Xms)
#   Decrease number of Java threads
#   Decrease Java thread stack sizes (-Xss)
#   Set larger code cache with -XX:ReservedCodeCacheSize=
# This output file may be truncated or incomplete.
#
#  Out of Memory Error (allocation.cpp:390), pid=19924, tid=0x00000000000077b4
#
# JRE version: Java(TM) SE Runtime Environment (8.0_121-b13) (build 1.8.0_121-b13)
# Java VM: Java HotSpot(TM) 64-Bit Server VM (25.121-b13 mixed mode windows-amd64 compressed oops)
# Failed to write core dump. Minidumps are not enabled by default on client versions of Windows
#

---------------  T H R E A D  ---------------

Current thread (0x00000000166fa000):  JavaThread "C2 CompilerThread2" daemon [_thread_in_native, id=30644, stack(0x0000000017150000,0x0000000017250000)]

Stack: [0x0000000017150000,0x0000000017250000]
[error occurred during error reporting (printing stack bounds), id 0xc0000005]

Native frames: (J=compiled Java code, j=interpreted, Vv=VM code, C=native code)


Current CompileTask:
C2:   4514 3715       4       java.net.URLClassLoader$1::run (5 bytes)


---------------  P R O C E S S  ---------------

Java Threads: ( => current thread )
  0x000000001679c800 JavaThread "Service Thread" daemon [_thread_blocked, id=21180, stack(0x0000000017350000,0x0000000017450000)]
  0x00000000166fc800 JavaThread "C1 CompilerThread3" daemon [_thread_blocked, id=11040, stack(0x0000000017250000,0x0000000017350000)]
=>0x00000000166fa000 JavaThread "C2 CompilerThread2" daemon [_thread_in_native, id=30644, stack(0x0000000017150000,0x0000000017250000)]
  0x00000000166f2800 JavaThread "C2 CompilerThread1" daemon [_thread_in_native, id=21168, stack(0x0000000017050000,0x0000000017150000)]
  0x00000000166ed800 JavaThread "C2 CompilerThread0" daemon [_thread_in_native, id=12720, stack(0x0000000016f50000,0x0000000017050000)]
  0x00000000166ea000 JavaThread "Monitor Ctrl-Break" daemon [_thread_in_native, id=10192, stack(0x0000000016e50000,0x0000000016f50000)]
  0x000000001667b000 JavaThread "Attach Listener" daemon [_thread_blocked, id=10724, stack(0x0000000016d50000,0x0000000016e50000)]
  0x000000001667a800 JavaThread "Signal Dispatcher" daemon [_thread_blocked, id=21264, stack(0x0000000016c50000,0x0000000016d50000)]
  0x0000000016670800 JavaThread "Finalizer" daemon [_thread_blocked, id=16308, stack(0x0000000016a50000,0x0000000016b50000)]
  0x0000000002f19000 JavaThread "Reference Handler" daemon [_thread_blocked, id=22716, stack(0x0000000016550000,0x0000000016650000)]
  0x0000000002e22800 JavaThread "main" [_thread_in_native, id=20932, stack(0x0000000002b90000,0x0000000002c90000)]

Other Threads:
  0x000000001478a000 VMThread [stack: 0x0000000016450000,0x0000000016550000] [id=972]
  0x00000000167b1000 WatcherThread [stack: 0x0000000017450000,0x0000000017550000] [id=18756]

VM state:not at safepoint (normal execution)

VM Mutex/Monitor currently owned by a thread: None

Heap:
 PSYoungGen      total 155648K, used 2743K [0x00000000f5580000, 0x0000000100000000, 0x0000000100000000)
  eden space 138752K, 1% used [0x00000000f5580000,0x00000000f582de48,0x00000000fdd00000)
  from space 16896K, 0% used [0x00000000fef80000,0x00000000fef80000,0x0000000100000000)
  to   space 17920K, 0% used [0x00000000fdd00000,0x00000000fdd00000,0x00000000fee80000)
 ParOldGen       total 175104K, used 21539K [0x00000000e0000000, 0x00000000eab00000, 0x00000000f5580000)
  object space 175104K, 12% used [0x00000000e0000000,0x00000000e1508ff8,0x00000000eab00000)
 Metaspace       used 20937K, capacity 21396K, committed 21552K, reserved 1069056K
  class space    used 2469K, capacity 2585K, committed 2608K, reserved 1048576K

Card table byte_map: [0x00000000122e0000,0x00000000123f0000] byte_map_base: 0x0000000011be0000

Marking Bits: (ParMarkBitMap*) 0x000000006bc2b6d0
 Begin Bits: [0x0000000012ca0000, 0x00000000134a0000)
 End Bits:   [0x00000000134a0000, 0x0000000013ca0000)

Polling page: 0x0000000002a70000

CodeCache: size=245760Kb used=14389Kb max_used=14408Kb free=231371Kb
 bounds [0x0000000002f20000, 0x0000000003d40000, 0x0000000011f20000]
 total_blobs=4087 nmethods=3706 adapters=293
 compilation: enabled

Compilation events (10 events):
Event: 4.247 Thread 0x00000000166fc800 3729       3       com.sun.tools.javac.util.ArrayUtils::ensureCapacity (30 bytes)
Event: 4.248 Thread 0x00000000166fc800 nmethod 3729 0x0000000003d303d0 code [0x0000000003d30560, 0x0000000003d30908]
Event: 4.248 Thread 0x00000000166fc800 3731       3       com.sun.tools.javac.code.AnnoConstruct::<init> (5 bytes)
Event: 4.248 Thread 0x00000000166fc800 nmethod 3731 0x0000000003d30010 code [0x0000000003d30160, 0x0000000003d30310]
Event: 4.508 Thread 0x00000000166fc800 3736       3       java.lang.Class::searchMethods (90 bytes)
Event: 4.509 Thread 0x00000000166fc800 nmethod 3736 0x0000000003d3b210 code [0x0000000003d3b460, 0x0000000003d3c3b8]
Event: 4.510 Thread 0x00000000166fc800 3737       3       com.sun.tools.javac.util.SharedNameTable$NameImpl::<init> (6 bytes)
Event: 4.510 Thread 0x00000000166fc800 nmethod 3737 0x000000000302d690 code [0x000000000302d800, 0x000000000302da30]
Event: 4.510 Thread 0x00000000166fc800 3738       3       com.sun.tools.javac.util.Name::<init> (10 bytes)
Event: 4.510 Thread 0x00000000166fc800 nmethod 3738 0x0000000003035fd0 code [0x0000000003036120, 0x00000000030362f0]

GC Heap History (10 events):
Event: 2.549 GC heap before
{Heap before GC invocations=3 (full 0):
 PSYoungGen      total 76288K, used 75983K [0x00000000f5580000, 0x00000000faa80000, 0x0000000100000000)
  eden space 65536K, 100% used [0x00000000f5580000,0x00000000f9580000,0x00000000f9580000)
  from space 10752K, 97% used [0x00000000fa000000,0x00000000faa33ed8,0x00000000faa80000)
  to   space 10752K, 0% used [0x00000000f9580000,0x00000000f9580000,0x00000000fa000000)
 ParOldGen       total 175104K, used 24K [0x00000000e0000000, 0x00000000eab00000, 0x00000000f5580000)
  object space 175104K, 0% used [0x00000000e0000000,0x00000000e0006000,0x00000000eab00000)
 Metaspace       used 16480K, capacity 16800K, committed 17152K, reserved 1064960K
  class space    used 1924K, capacity 2013K, committed 2048K, reserved 1048576K
Event: 2.558 GC heap after
Heap after GC invocations=3 (full 0):
 PSYoungGen      total 76288K, used 9520K [0x00000000f5580000, 0x00000000fea80000, 0x0000000100000000)
  eden space 65536K, 0% used [0x00000000f5580000,0x00000000f5580000,0x00000000f9580000)
  from space 10752K, 88% used [0x00000000f9580000,0x00000000f9ecc010,0x00000000fa000000)
  to   space 10752K, 0% used [0x00000000fe000000,0x00000000fe000000,0x00000000fea80000)
 ParOldGen       total 175104K, used 32K [0x00000000e0000000, 0x00000000eab00000, 0x00000000f5580000)
  object space 175104K, 0% used [0x00000000e0000000,0x00000000e0008000,0x00000000eab00000)
 Metaspace       used 16480K, capacity 16800K, committed 17152K, reserved 1064960K
  class space    used 1924K, capacity 2013K, committed 2048K, reserved 1048576K
}
Event: 2.888 GC heap before
{Heap before GC invocations=4 (full 0):
 PSYoungGen      total 76288K, used 75056K [0x00000000f5580000, 0x00000000fea80000, 0x0000000100000000)
  eden space 65536K, 100% used [0x00000000f5580000,0x00000000f9580000,0x00000000f9580000)
  from space 10752K, 88% used [0x00000000f9580000,0x00000000f9ecc010,0x00000000fa000000)
  to   space 10752K, 0% used [0x00000000fe000000,0x00000000fe000000,0x00000000fea80000)
 ParOldGen       total 175104K, used 32K [0x00000000e0000000, 0x00000000eab00000, 0x00000000f5580000)
  object space 175104K, 0% used [0x00000000e0000000,0x00000000e0008000,0x00000000eab00000)
 Metaspace       used 16749K, capacity 17062K, committed 17408K, reserved 1064960K
  class space    used 1925K, capacity 2014K, committed 2048K, reserved 1048576K
Event: 2.899 GC heap after
Heap after GC invocations=4 (full 0):
 PSYoungGen      total 141824K, used 10720K [0x00000000f5580000, 0x00000000fea80000, 0x0000000100000000)
  eden space 131072K, 0% used [0x00000000f5580000,0x00000000f5580000,0x00000000fd580000)
  from space 10752K, 99% used [0x00000000fe000000,0x00000000fea78020,0x00000000fea80000)
  to   space 10752K, 0% used [0x00000000fd580000,0x00000000fd580000,0x00000000fe000000)
 ParOldGen       total 175104K, used 1832K [0x00000000e0000000, 0x00000000eab00000, 0x00000000f5580000)
  object space 175104K, 1% used [0x00000000e0000000,0x00000000e01ca000,0x00000000eab00000)
 Metaspace       used 16749K, capacity 17062K, committed 17408K, reserved 1064960K
  class space    used 1925K, capacity 2014K, committed 2048K, reserved 1048576K
}
Event: 3.620 GC heap before
{Heap before GC invocations=5 (full 0):
 PSYoungGen      total 141824K, used 141792K [0x00000000f5580000, 0x00000000fea80000, 0x0000000100000000)
  eden space 131072K, 100% used [0x00000000f5580000,0x00000000fd580000,0x00000000fd580000)
  from space 10752K, 99% used [0x00000000fe000000,0x00000000fea78020,0x00000000fea80000)
  to   space 10752K, 0% used [0x00000000fd580000,0x00000000fd580000,0x00000000fe000000)
 ParOldGen       total 175104K, used 1832K [0x00000000e0000000, 0x00000000eab00000, 0x00000000f5580000)
  object space 175104K, 1% used [0x00000000e0000000,0x00000000e01ca000,0x00000000eab00000)
 Metaspace       used 17134K, capacity 17496K, committed 17792K, reserved 1064960K
  class space    used 1943K, capacity 2049K, committed 2176K, reserved 1048576K
Event: 3.641 GC heap after
Heap after GC invocations=5 (full 0):
 PSYoungGen      total 141824K, used 10720K [0x00000000f5580000, 0x0000000100000000, 0x0000000100000000)
  eden space 131072K, 0% used [0x00000000f5580000,0x00000000f5580000,0x00000000fd580000)
  from space 10752K, 99% used [0x00000000fd580000,0x00000000fdff8020,0x00000000fe000000)
  to   space 16896K, 0% used [0x00000000fef80000,0x00000000fef80000,0x0000000100000000)
 ParOldGen       total 175104K, used 8064K [0x00000000e0000000, 0x00000000eab00000, 0x00000000f5580000)
  object space 175104K, 4% used [0x00000000e0000000,0x00000000e07e01a0,0x00000000eab00000)
 Metaspace       used 17134K, capacity 17496K, committed 17792K, reserved 1064960K
  class space    used 1943K, capacity 2049K, committed 2176K, reserved 1048576K
}
Event: 4.356 GC heap before
{Heap before GC invocations=6 (full 0):
 PSYoungGen      total 141824K, used 61534K [0x00000000f5580000, 0x0000000100000000, 0x0000000100000000)
  eden space 131072K, 38% used [0x00000000f5580000,0x00000000f871f8f8,0x00000000fd580000)
  from space 10752K, 99% used [0x00000000fd580000,0x00000000fdff8020,0x00000000fe000000)
  to   space 16896K, 0% used [0x00000000fef80000,0x00000000fef80000,0x0000000100000000)
 ParOldGen       total 175104K, used 8064K [0x00000000e0000000, 0x00000000eab00000, 0x00000000f5580000)
  object space 175104K, 4% used [0x00000000e0000000,0x00000000e07e01a0,0x00000000eab00000)
 Metaspace       used 20752K, capacity 21204K, committed 21296K, reserved 1069056K
  class space    used 2444K, capacity 2585K, committed 2608K, reserved 1048576K
Event: 4.382 GC heap after
Heap after GC invocations=6 (full 0):
 PSYoungGen      total 155648K, used 14189K [0x00000000f5580000, 0x0000000100000000, 0x0000000100000000)
  eden space 138752K, 0% used [0x00000000f5580000,0x00000000f5580000,0x00000000fdd00000)
  from space 16896K, 83% used [0x00000000fef80000,0x00000000ffd5b708,0x0000000100000000)
  to   space 17920K, 0% used [0x00000000fdd00000,0x00000000fdd00000,0x00000000fee80000)
 ParOldGen       total 175104K, used 8072K [0x00000000e0000000, 0x00000000eab00000, 0x00000000f5580000)
  object space 175104K, 4% used [0x00000000e0000000,0x00000000e07e21a0,0x00000000eab00000)
 Metaspace       used 20752K, capacity 21204K, committed 21296K, reserved 1069056K
  class space    used 2444K, capacity 2585K, committed 2608K, reserved 1048576K
}
Event: 4.382 GC heap before
{Heap before GC invocations=7 (full 1):
 PSYoungGen      total 155648K, used 14189K [0x00000000f5580000, 0x0000000100000000, 0x0000000100000000)
  eden space 138752K, 0% used [0x00000000f5580000,0x00000000f5580000,0x00000000fdd00000)
  from space 16896K, 83% used [0x00000000fef80000,0x00000000ffd5b708,0x0000000100000000)
  to   space 17920K, 0% used [0x00000000fdd00000,0x00000000fdd00000,0x00000000fee80000)
 ParOldGen       total 175104K, used 8072K [0x00000000e0000000, 0x00000000eab00000, 0x00000000f5580000)
  object space 175104K, 4% used [0x00000000e0000000,0x00000000e07e21a0,0x00000000eab00000)
 Metaspace       used 20752K, capacity 21204K, committed 21296K, reserved 1069056K
  class space    used 2444K, capacity 2585K, committed 2608K, reserved 1048576K
Event: 4.502 GC heap after
Heap after GC invocations=7 (full 1):
 PSYoungGen      total 155648K, used 0K [0x00000000f5580000, 0x0000000100000000, 0x0000000100000000)
  eden space 138752K, 0% used [0x00000000f5580000,0x00000000f5580000,0x00000000fdd00000)
  from space 16896K, 0% used [0x00000000fef80000,0x00000000fef80000,0x0000000100000000)
  to   space 17920K, 0% used [0x00000000fdd00000,0x00000000fdd00000,0x00000000fee80000)
 ParOldGen       total 175104K, used 21539K [0x00000000e0000000, 0x00000000eab00000, 0x00000000f5580000)
  object space 175104K, 12% used [0x00000000e0000000,0x00000000e1508ff8,0x00000000eab00000)
 Metaspace       used 20752K, capacity 21204K, committed 21296K, reserved 1069056K
  class space    used 2444K, capacity 2585K, committed 2608K, reserved 1048576K
}

Deoptimization events (10 events):
Event: 3.608 Thread 0x0000000002e22800 Uncommon trap: reason=unstable_if action=reinterpret pc=0x0000000003a4a41c method=java.util.AbstractMap.equals(Ljava/lang/Object;)Z @ 2
Event: 3.711 Thread 0x0000000002e22800 Uncommon trap: reason=unstable_if action=reinterpret pc=0x000000000346e3fc method=sun.net.www.protocol.jar.Handler.parseURL(Ljava/net/URL;Ljava/lang/String;II)V @ 94
Event: 3.726 Thread 0x0000000002e22800 Uncommon trap: reason=class_check action=maybe_recompile pc=0x00000000034241c8 method=com.google.inject.internal.LinkedBindingImpl.acceptTargetVisitor(Lcom/google/inject/spi/BindingTargetVisitor;)Ljava/lang/Object; @ 2
Event: 3.726 Thread 0x0000000002e22800 Uncommon trap: reason=class_check action=maybe_recompile pc=0x00000000034241c8 method=com.google.inject.internal.LinkedBindingImpl.acceptTargetVisitor(Lcom/google/inject/spi/BindingTargetVisitor;)Ljava/lang/Object; @ 2
Event: 3.746 Thread 0x0000000002e22800 Uncommon trap: reason=class_check action=maybe_recompile pc=0x00000000034241c8 method=com.google.inject.internal.LinkedBindingImpl.acceptTargetVisitor(Lcom/google/inject/spi/BindingTargetVisitor;)Ljava/lang/Object; @ 2
Event: 3.746 Thread 0x0000000002e22800 Uncommon trap: reason=class_check action=maybe_recompile pc=0x00000000034241c8 method=com.google.inject.internal.LinkedBindingImpl.acceptTargetVisitor(Lcom/google/inject/spi/BindingTargetVisitor;)Ljava/lang/Object; @ 2
Event: 3.777 Thread 0x0000000002e22800 Uncommon trap: reason=class_check action=maybe_recompile pc=0x00000000039528f8 method=org.eclipse.sisu.wire.EntryListAdapter$ValueIterator.next()Ljava/lang/Object; @ 4
Event: 3.784 Thread 0x0000000002e22800 Uncommon trap: reason=class_check action=maybe_recompile pc=0x00000000039528f8 method=org.eclipse.sisu.wire.EntryListAdapter$ValueIterator.next()Ljava/lang/Object; @ 4
Event: 4.058 Thread 0x0000000002e22800 Uncommon trap: reason=class_check action=maybe_recompile pc=0x00000000039528f8 method=org.eclipse.sisu.wire.EntryListAdapter$ValueIterator.next()Ljava/lang/Object; @ 4
Event: 4.118 Thread 0x0000000002e22800 Uncommon trap: reason=predicate action=maybe_recompile pc=0x000000000388f444 method=sun.misc.Resource.getBytes()[B @ 53

Internal exceptions (10 events):
Event: 1.155 Thread 0x0000000002e22800 Exception <a 'java/lang/ArrayIndexOutOfBoundsException': 40> (0x00000000f89b7d58) thrown at [C:\re\workspace\8-2-build-windows-amd64-cygwin\jdk8u121\8372\hotspot\src\share\vm\interpreter\interpreterRuntime.cpp, line 366]
Event: 1.571 Thread 0x0000000002e22800 Exception <a 'java/lang/NoClassDefFoundError': com/google/inject/servlet/ServletModuleTargetVisitor> (0x00000000f7095cf8) thrown at [C:\re\workspace\8-2-build-windows-amd64-cygwin\jdk8u121\8372\hotspot\src\share\vm\classfile\systemDictionary.cpp, line 199
Event: 1.571 Thread 0x0000000002e22800 Exception <a 'java/lang/NoClassDefFoundError'> (0x00000000f7095cf8) thrown at [C:\re\workspace\8-2-build-windows-amd64-cygwin\jdk8u121\8372\hotspot\src\share\vm\prims\jvm.cpp, line 1394]
Event: 1.571 Thread 0x0000000002e22800 Exception <a 'java/lang/NoClassDefFoundError': javax/annotation/Priority> (0x00000000f709ad00) thrown at [C:\re\workspace\8-2-build-windows-amd64-cygwin\jdk8u121\8372\hotspot\src\share\vm\classfile\systemDictionary.cpp, line 199]
Event: 1.641 Thread 0x0000000002e22800 Implicit null exception at 0x00000000030d411b to 0x00000000030d42cd
Event: 1.904 Thread 0x0000000002e22800 Implicit null exception at 0x0000000003535d8e to 0x0000000003537049
Event: 3.040 Thread 0x0000000002e22800 Implicit null exception at 0x0000000003a8c0b3 to 0x0000000003a8c28d
Event: 3.493 Thread 0x0000000002e22800 Implicit null exception at 0x00000000031aae55 to 0x00000000031ab02d
Event: 3.495 Thread 0x0000000002e22800 Implicit null exception at 0x00000000032be56f to 0x00000000032be5d9
Event: 4.113 Thread 0x0000000002e22800 Exception <a 'java/lang/ClassNotFoundException': com/sun/tools/javac/api/JavacTool> (0x00000000f7c4ae58) thrown at [C:\re\workspace\8-2-build-windows-amd64-cygwin\jdk8u121\8372\hotspot\src\share\vm\classfile\systemDictionary.cpp, line 210]

Events (10 events):
Event: 4.512 loading class com/sun/tools/javac/jvm/ClassReader$22
Event: 4.512 loading class com/sun/tools/javac/jvm/ClassReader$22 done
Event: 4.512 loading class com/sun/tools/javac/jvm/ClassReader$23
Event: 4.512 loading class com/sun/tools/javac/jvm/ClassReader$23 done
Event: 4.512 loading class com/sun/tools/javac/jvm/ClassReader$24
Event: 4.512 loading class com/sun/tools/javac/jvm/ClassReader$24 done
Event: 4.512 loading class com/sun/tools/javac/jvm/ClassWriter
Event: 4.512 loading class com/sun/tools/javac/jvm/ClassWriter done
Event: 4.512 loading class com/sun/tools/javac/jvm/ClassFile
Event: 4.512 loading class com/sun/tools/javac/jvm/ClassFile done


Dynamic libraries:
0x00007ff71b1a0000 - 0x00007ff71b1d7000 	C:\Program Files\Java\jdk1.8.0_121\bin\java.exe
0x00007ffa4b5e0000 - 0x00007ffa4b7e9000 	C:\WINDOWS\SYSTEM32\ntdll.dll
0x00007ffa4b160000 - 0x00007ffa4b21e000 	C:\WINDOWS\System32\KERNEL32.DLL
0x00007ffa48b70000 - 0x00007ffa48ef4000 	C:\WINDOWS\System32\KERNELBASE.dll
0x00007ffa4ae30000 - 0x00007ffa4aedf000 	C:\WINDOWS\System32\ADVAPI32.dll
0x00007ffa49da0000 - 0x00007ffa49e43000 	C:\WINDOWS\System32\msvcrt.dll
0x00007ffa4b480000 - 0x00007ffa4b51e000 	C:\WINDOWS\System32\sechost.dll
0x00007ffa49a70000 - 0x00007ffa49b91000 	C:\WINDOWS\System32\RPCRT4.dll
0x00007ffa4ac60000 - 0x00007ffa4ae0d000 	C:\WINDOWS\System32\USER32.dll
0x00007ffa48f00000 - 0x00007ffa48f26000 	C:\WINDOWS\System32\win32u.dll
0x00007ffa49cc0000 - 0x00007ffa49cea000 	C:\WINDOWS\System32\GDI32.dll
0x00007ffa491b0000 - 0x00007ffa492cf000 	C:\WINDOWS\System32\gdi32full.dll
0x00007ffa49050000 - 0x00007ffa490ed000 	C:\WINDOWS\System32\msvcp_win.dll
0x00007ffa48f30000 - 0x00007ffa49041000 	C:\WINDOWS\System32\ucrtbase.dll
0x00007ffa37110000 - 0x00007ffa373b5000 	C:\WINDOWS\WinSxS\amd64_microsoft.windows.common-controls_6595b64144ccf1df_6.0.22000.120_none_9d947278b86cc467\COMCTL32.dll
0x00007ffa49d00000 - 0x00007ffa49d31000 	C:\WINDOWS\System32\IMM32.DLL
0x000000006bcb0000 - 0x000000006bd82000 	C:\Program Files\Java\jdk1.8.0_121\jre\bin\msvcr100.dll
0x000000006b410000 - 0x000000006bcab000 	C:\Program Files\Java\jdk1.8.0_121\jre\bin\server\jvm.dll
0x00007ffa4afb0000 - 0x00007ffa4afb8000 	C:\WINDOWS\System32\PSAPI.DLL
0x00007ffa41140000 - 0x00007ffa41173000 	C:\WINDOWS\SYSTEM32\WINMM.dll
0x00007ffa40a20000 - 0x00007ffa40a2a000 	C:\WINDOWS\SYSTEM32\VERSION.dll
0x00007ffa361c0000 - 0x00007ffa361c9000 	C:\WINDOWS\SYSTEM32\WSOCK32.dll
0x00007ffa4b2b0000 - 0x00007ffa4b31f000 	C:\WINDOWS\System32\WS2_32.dll
0x000000006b400000 - 0x000000006b40f000 	C:\Program Files\Java\jdk1.8.0_121\jre\bin\verify.dll
0x000000006b3d0000 - 0x000000006b3f9000 	C:\Program Files\Java\jdk1.8.0_121\jre\bin\java.dll
0x000000006ad20000 - 0x000000006ad43000 	C:\Program Files\Java\jdk1.8.0_121\jre\bin\instrument.dll
0x000000006b3b0000 - 0x000000006b3c6000 	C:\Program Files\Java\jdk1.8.0_121\jre\bin\zip.dll
0x00007ffa4a010000 - 0x00007ffa4a7d5000 	C:\WINDOWS\System32\SHELL32.dll
0x00007ffa469e0000 - 0x00007ffa47244000 	C:\WINDOWS\SYSTEM32\windows.storage.dll
0x00007ffa496f0000 - 0x00007ffa49a66000 	C:\WINDOWS\System32\combase.dll
0x00007ffa46870000 - 0x00007ffa469d7000 	C:\WINDOWS\SYSTEM32\wintypes.dll
0x00007ffa4afc0000 - 0x00007ffa4b0aa000 	C:\WINDOWS\System32\SHCORE.dll
0x00007ffa49d40000 - 0x00007ffa49d9d000 	C:\WINDOWS\System32\shlwapi.dll
0x00007ffa489b0000 - 0x00007ffa489d1000 	C:\WINDOWS\SYSTEM32\profapi.dll
0x00007ffa38b10000 - 0x00007ffa38b2a000 	C:\Program Files\JetBrains\IntelliJ IDEA Community Edition 2023.1.1\bin\breakgen64.dll
0x000000006b390000 - 0x000000006b3aa000 	C:\Program Files\Java\jdk1.8.0_121\jre\bin\net.dll
0x00007ffa47f60000 - 0x00007ffa47fc7000 	C:\WINDOWS\system32\mswsock.dll
0x00007ffa48190000 - 0x00007ffa481a8000 	C:\WINDOWS\SYSTEM32\CRYPTSP.dll
0x00007ffa47a10000 - 0x00007ffa47a45000 	C:\WINDOWS\system32\rsaenh.dll
0x00007ffa48020000 - 0x00007ffa48049000 	C:\WINDOWS\SYSTEM32\USERENV.dll
0x00007ffa48370000 - 0x00007ffa48397000 	C:\WINDOWS\SYSTEM32\bcrypt.dll
0x00007ffa48af0000 - 0x00007ffa48b6f000 	C:\WINDOWS\System32\bcryptprimitives.dll
0x00007ffa481b0000 - 0x00007ffa481bc000 	C:\WINDOWS\SYSTEM32\CRYPTBASE.dll
0x00007ffa475d0000 - 0x00007ffa475fd000 	C:\WINDOWS\SYSTEM32\IPHLPAPI.DLL
0x00007ffa4ac50000 - 0x00007ffa4ac59000 	C:\WINDOWS\System32\NSI.dll
0x00007ffa40af0000 - 0x00007ffa40b09000 	C:\WINDOWS\SYSTEM32\dhcpcsvc6.DLL
0x00007ffa413b0000 - 0x00007ffa413ce000 	C:\WINDOWS\SYSTEM32\dhcpcsvc.DLL
0x00007ffa47600000 - 0x00007ffa476e7000 	C:\WINDOWS\SYSTEM32\DNSAPI.dll
0x000000006b2a0000 - 0x000000006b2b1000 	C:\Program Files\Java\jdk1.8.0_121\jre\bin\nio.dll
0x00007ffa38d30000 - 0x00007ffa38d3a000 	C:\Users\sspin\AppData\Local\Temp\jansi-1.17.1-8924779250009308435.dll

VM Arguments:
jvm_args: -Dmaven.multiModuleProjectDirectory=C:\Users\sspin\IdeaProjects\restful-booker-serenity-week18 -Djansi.passthrough=true -Xms256m -Xmx512m -Dmaven.home=C:\Program Files\JetBrains\IntelliJ IDEA Community Edition 2023.1.1\plugins\maven\lib\maven3 -Dclassworlds.conf=C:\Program Files\JetBrains\IntelliJ IDEA Community Edition 2023.1.1\plugins\maven\lib\maven3\bin\m2.conf -Dmaven.ext.class.path=C:\Program Files\JetBrains\IntelliJ IDEA Community Edition 2023.1.1\plugins\maven\lib\maven-event-listener.jar -javaagent:C:\Program Files\JetBrains\IntelliJ IDEA Community Edition 2023.1.1\lib\idea_rt.jar=19601:C:\Program Files\JetBrains\IntelliJ IDEA Community Edition 2023.1.1\bin -Dfile.encoding=UTF-8 
java_command: org.codehaus.classworlds.Launcher -Didea.version=2023.1.1 install
java_class_path (initial): C:\Program Files\JetBrains\IntelliJ IDEA Community Edition 2023.1.1\plugins\maven\lib\maven3\boot\plexus-classworlds-2.6.0.jar;C:\Program Files\JetBrains\IntelliJ IDEA Community Edition 2023.1.1\plugins\maven\lib\maven3\boot\plexus-classworlds.license;C:\Program Files\JetBrains\IntelliJ IDEA Community Edition 2023.1.1\lib\idea_rt.jar
Launcher Type: SUN_STANDARD

Environment Variables:
JAVA_HOME=C:\Program Files\Java\jdk1.8.0_121
PATH=C:\ProgramData\Oracle\Java\javapath;C:\Program Files\Common Files\Oracle\Java\javapath;C:\Program Files (x86)\Intel\Intel(R) Management Engine Components\iCLS\;C:\Program Files\Intel\Intel(R) Management Engine Components\iCLS\;C:\WINDOWS\system32;C:\WINDOWS;C:\WINDOWS\System32\Wbem;C:\WINDOWS\System32\WindowsPowerShell\v1.0\;C:\WINDOWS\System32\OpenSSH\;C:\Program Files (x86)\Intel\Intel(R) Management Engine Components\DAL;C:\Program Files\Intel\Intel(R) Management Engine Components\DAL;C:\Program Files (x86)\Intel\Intel(R) Management Engine Components\IPT;C:\Program Files\Intel\Intel(R) Management Engine Components\IPT;C:\Program Files (x86)\HP\LoadRunner\strawberry-perl\perl\bin;C:\Program Files\dotnet\;C:\apache-maven-3.8.6\bin;C:\Program Files\Java\jdk1.8.0_73\bin;C:\Program Files\Git\cmd;C:\Program Files\Java\jdk1.8.0_121\bin;C:\Apache\apache-maven-3.9.3\bin;C:\Program Files\nodejs\;C:\Users\sspin\AppData\Local\Microsoft\WindowsApps;C:\Users\sspin\AppData\Roaming\npm
USERNAME=sspink2109
OS=Windows_NT
PROCESSOR_IDENTIFIER=Intel64 Family 6 Model 142 Stepping 10, GenuineIntel



---------------  S Y S T E M  ---------------

OS: Windows 10.0 , 64 bit Build 22000 (10.0.22000.2003)

CPU:total 8 (4 cores per cpu, 2 threads per core) family 6 model 142 stepping 10, cmov, cx8, fxsr, mmx, sse, sse2, sse3, ssse3, sse4.1, sse4.2, popcnt, avx, avx2, aes, clmul, erms, 3dnowpref, lzcnt, ht, tsc, tscinvbit, bmi1, bmi2, adx

Memory: 4k page, physical 8218028k(327884k free), swap 19300648k(5372k free)

vm_info: Java HotSpot(TM) 64-Bit Server VM (25.121-b13) for windows-amd64 JRE (1.8.0_121-b13), built on Dec 12 2016 18:21:36 by "java_re" with MS VC++ 10.0 (VS2010)

time: Tue Aug 08 13:38:35 2023
elapsed time: 4 seconds (0d 0h 0m 4s)

