#
# There is insufficient memory for the Java Runtime Environment to continue.
# Native memory allocation (malloc) failed to allocate 362416 bytes for Chunk::new
# Possible reasons:
#   The system is out of physical RAM or swap space
#   In 32 bit mode, the process size limit was hit
# Possible solutions:
#   Reduce memory load on the system
#   Increase physical memory or swap space
#   Check if swap backing store is full
#   Use 64 bit Java on a 64 bit OS
#   Decrease Java heap size (-Xmx/-Xms)
#   Decrease number of Java threads
#   Decrease Java thread stack sizes (-Xss)
#   Set larger code cache with -XX:ReservedCodeCacheSize=
# This output file may be truncated or incomplete.
#
#  Out of Memory Error (allocation.cpp:390), pid=8860, tid=0x0000000000006d1c
#
# JRE version: Java(TM) SE Runtime Environment (8.0_121-b13) (build 1.8.0_121-b13)
# Java VM: Java HotSpot(TM) 64-Bit Server VM (25.121-b13 mixed mode windows-amd64 compressed oops)
# Failed to write core dump. Minidumps are not enabled by default on client versions of Windows
#

---------------  T H R E A D  ---------------

Current thread (0x00000000168b7800):  JavaThread "C2 CompilerThread2" daemon [_thread_in_native, id=27932, stack(0x0000000017310000,0x0000000017410000)]

Stack: [0x0000000017310000,0x0000000017410000]
[error occurred during error reporting (printing stack bounds), id 0xc0000005]

Native frames: (J=compiled Java code, j=interpreted, Vv=VM code, C=native code)


Current CompileTask:
C2:   1632 1167   !   4       java.lang.ClassLoader::loadClass (122 bytes)


---------------  P R O C E S S  ---------------

Java Threads: ( => current thread )
  0x000000001696e000 JavaThread "Service Thread" daemon [_thread_blocked, id=4004, stack(0x0000000017510000,0x0000000017610000)]
  0x00000000168bc800 JavaThread "C1 CompilerThread3" daemon [_thread_blocked, id=27232, stack(0x0000000017410000,0x0000000017510000)]
=>0x00000000168b7800 JavaThread "C2 CompilerThread2" daemon [_thread_in_native, id=27932, stack(0x0000000017310000,0x0000000017410000)]
  0x00000000168b0000 JavaThread "C2 CompilerThread1" daemon [_thread_blocked, id=17516, stack(0x0000000017210000,0x0000000017310000)]
  0x00000000168af800 JavaThread "C2 CompilerThread0" daemon [_thread_blocked, id=25432, stack(0x0000000017110000,0x0000000017210000)]
  0x00000000168ac000 JavaThread "Monitor Ctrl-Break" daemon [_thread_in_native, id=20652, stack(0x0000000017010000,0x0000000017110000)]
  0x0000000016839000 JavaThread "Attach Listener" daemon [_thread_blocked, id=536, stack(0x0000000016f10000,0x0000000017010000)]
  0x0000000016837800 JavaThread "Signal Dispatcher" daemon [_thread_blocked, id=22864, stack(0x0000000016e10000,0x0000000016f10000)]
  0x00000000030b9800 JavaThread "Finalizer" daemon [_thread_blocked, id=3220, stack(0x0000000016c10000,0x0000000016d10000)]
  0x00000000030b8000 JavaThread "Reference Handler" daemon [_thread_blocked, id=13388, stack(0x0000000016710000,0x0000000016810000)]
  0x0000000002fc2800 JavaThread "main" [_thread_in_native, id=18160, stack(0x0000000002dc0000,0x0000000002ec0000)]

Other Threads:
  0x000000001492a000 VMThread [stack: 0x0000000016610000,0x0000000016710000] [id=14060]
  0x0000000016973800 WatcherThread [stack: 0x0000000017610000,0x0000000017710000] [id=16480]

VM state:not at safepoint (normal execution)

VM Mutex/Monitor currently owned by a thread: None

Heap:
 PSYoungGen      total 76288K, used 29319K [0x00000000f5580000, 0x00000000faa80000, 0x0000000100000000)
  eden space 65536K, 31% used [0x00000000f5580000,0x00000000f69c0028,0x00000000f9580000)
  from space 10752K, 79% used [0x00000000f9580000,0x00000000f9de1db0,0x00000000fa000000)
  to   space 10752K, 0% used [0x00000000fa000000,0x00000000fa000000,0x00000000faa80000)
 ParOldGen       total 175104K, used 16K [0x00000000e0000000, 0x00000000eab00000, 0x00000000f5580000)
  object space 175104K, 0% used [0x00000000e0000000,0x00000000e0004000,0x00000000eab00000)
 Metaspace       used 12907K, capacity 13150K, committed 13568K, reserved 1060864K
  class space    used 1597K, capacity 1672K, committed 1792K, reserved 1048576K

Card table byte_map: [0x0000000012480000,0x0000000012590000] byte_map_base: 0x0000000011d80000

Marking Bits: (ParMarkBitMap*) 0x000000006bc2b6d0
 Begin Bits: [0x0000000012e40000, 0x0000000013640000)
 End Bits:   [0x0000000013640000, 0x0000000013e40000)

Polling page: 0x0000000002c60000

CodeCache: size=245760Kb used=4586Kb max_used=4598Kb free=241173Kb
 bounds [0x00000000030c0000, 0x0000000003550000, 0x00000000120c0000]
 total_blobs=1517 nmethods=1177 adapters=252
 compilation: enabled

Compilation events (10 events):
Event: 1.625 Thread 0x00000000168bc800 1172       3       com.google.inject.internal.AbstractProcessor::visitOther (5 bytes)
Event: 1.626 Thread 0x00000000168bc800 nmethod 1172 0x000000000353be90 code [0x000000000353c000, 0x000000000353c1d0]
Event: 1.626 Thread 0x00000000168bc800 1173       3       com.google.inject.spi.DefaultElementVisitor::visit (6 bytes)
Event: 1.626 Thread 0x00000000168bc800 nmethod 1173 0x000000000353ba90 code [0x000000000353bc00, 0x000000000353be08]
Event: 1.626 Thread 0x00000000168af800 nmethod 1174 0x0000000003538b90 code [0x0000000003538cc0, 0x0000000003538d58]
Event: 1.628 Thread 0x00000000168b0000 1176  s    4       java.io.DataOutputStream::write (14 bytes)
Event: 1.628 Thread 0x00000000168af800 1177       4       java.util.ArrayList$Itr::next (66 bytes)
Event: 1.629 Thread 0x00000000168bc800 1178       3       sun.misc.ProxyGenerator::getParameterDescriptors (47 bytes)
Event: 1.630 Thread 0x00000000168af800 nmethod 1177 0x000000000353a1d0 code [0x000000000353a320, 0x000000000353a438]
Event: 1.630 Thread 0x00000000168bc800 nmethod 1178 0x0000000003540010 code [0x0000000003540260, 0x0000000003541038]

GC Heap History (2 events):
Event: 1.362 GC heap before
{Heap before GC invocations=1 (full 0):
 PSYoungGen      total 76288K, used 65536K [0x00000000f5580000, 0x00000000faa80000, 0x0000000100000000)
  eden space 65536K, 100% used [0x00000000f5580000,0x00000000f9580000,0x00000000f9580000)
  from space 10752K, 0% used [0x00000000fa000000,0x00000000fa000000,0x00000000faa80000)
  to   space 10752K, 0% used [0x00000000f9580000,0x00000000f9580000,0x00000000fa000000)
 ParOldGen       total 175104K, used 0K [0x00000000e0000000, 0x00000000eab00000, 0x00000000f5580000)
  object space 175104K, 0% used [0x00000000e0000000,0x00000000e0000000,0x00000000eab00000)
 Metaspace       used 10901K, capacity 11118K, committed 11392K, reserved 1058816K
  class space    used 1325K, capacity 1382K, committed 1408K, reserved 1048576K
Event: 1.372 GC heap after
Heap after GC invocations=1 (full 0):
 PSYoungGen      total 76288K, used 8583K [0x00000000f5580000, 0x00000000faa80000, 0x0000000100000000)
  eden space 65536K, 0% used [0x00000000f5580000,0x00000000f5580000,0x00000000f9580000)
  from space 10752K, 79% used [0x00000000f9580000,0x00000000f9de1db0,0x00000000fa000000)
  to   space 10752K, 0% used [0x00000000fa000000,0x00000000fa000000,0x00000000faa80000)
 ParOldGen       total 175104K, used 16K [0x00000000e0000000, 0x00000000eab00000, 0x00000000f5580000)
  object space 175104K, 0% used [0x00000000e0000000,0x00000000e0004000,0x00000000eab00000)
 Metaspace       used 10901K, capacity 11118K, committed 11392K, reserved 1058816K
  class space    used 1325K, capacity 1382K, committed 1408K, reserved 1048576K
}

Deoptimization events (7 events):
Event: 0.941 Thread 0x0000000002fc2800 Uncommon trap: reason=unstable_if action=reinterpret pc=0x00000000032a02e4 method=org.codehaus.plexus.util.xml.pull.MXParser.more()C @ 8
Event: 0.975 Thread 0x0000000002fc2800 Uncommon trap: reason=unstable_if action=reinterpret pc=0x00000000033889e8 method=sun.nio.cs.StreamDecoder.implRead([CII)I @ 71
Event: 0.979 Thread 0x0000000002fc2800 Uncommon trap: reason=unstable_if action=reinterpret pc=0x00000000033919b4 method=sun.nio.cs.StreamDecoder.implRead([CII)I @ 71
Event: 1.019 Thread 0x0000000002fc2800 Uncommon trap: reason=unstable_if action=reinterpret pc=0x00000000033962a8 method=sun.nio.cs.StreamDecoder.implRead([CII)I @ 197
Event: 1.023 Thread 0x0000000002fc2800 Uncommon trap: reason=unstable_if action=reinterpret pc=0x000000000339ce9c method=org.codehaus.plexus.util.xml.pull.MXParser.nextImpl()I @ 241
Event: 1.099 Thread 0x0000000002fc2800 Uncommon trap: reason=bimorphic action=maybe_recompile pc=0x00000000034166b0 method=java.util.HashMap.putVal(ILjava/lang/Object;Ljava/lang/Object;ZZ)Ljava/lang/Object; @ 203
Event: 1.119 Thread 0x0000000002fc2800 Uncommon trap: reason=range_check action=make_not_entrant pc=0x0000000003408b20 method=sun.reflect.generics.parser.SignatureParser.current()C @ 34

Internal exceptions (10 events):
Event: 0.183 Thread 0x0000000002fc2800 Exception <a 'java/security/PrivilegedActionException'> (0x00000000f5c9c038) thrown at [C:\re\workspace\8-2-build-windows-amd64-cygwin\jdk8u121\8372\hotspot\src\share\vm\prims\jvm.cpp, line 1390]
Event: 0.183 Thread 0x0000000002fc2800 Exception <a 'java/security/PrivilegedActionException'> (0x00000000f5c9c430) thrown at [C:\re\workspace\8-2-build-windows-amd64-cygwin\jdk8u121\8372\hotspot\src\share\vm\prims\jvm.cpp, line 1390]
Event: 0.184 Thread 0x0000000002fc2800 Exception <a 'java/security/PrivilegedActionException'> (0x00000000f5ca0528) thrown at [C:\re\workspace\8-2-build-windows-amd64-cygwin\jdk8u121\8372\hotspot\src\share\vm\prims\jvm.cpp, line 1390]
Event: 0.184 Thread 0x0000000002fc2800 Exception <a 'java/security/PrivilegedActionException'> (0x00000000f5ca0920) thrown at [C:\re\workspace\8-2-build-windows-amd64-cygwin\jdk8u121\8372\hotspot\src\share\vm\prims\jvm.cpp, line 1390]
Event: 0.926 Thread 0x0000000002fc2800 Exception <a 'java/lang/ArrayIndexOutOfBoundsException'> (0x00000000f706e0b8) thrown at [C:\re\workspace\8-2-build-windows-amd64-cygwin\jdk8u121\8372\hotspot\src\share\vm\runtime\sharedRuntime.cpp, line 605]
Event: 0.929 Thread 0x0000000002fc2800 Exception <a 'java/lang/ArrayIndexOutOfBoundsException'> (0x00000000f708f1d0) thrown at [C:\re\workspace\8-2-build-windows-amd64-cygwin\jdk8u121\8372\hotspot\src\share\vm\runtime\sharedRuntime.cpp, line 605]
Event: 0.935 Thread 0x0000000002fc2800 Exception <a 'java/lang/ArrayIndexOutOfBoundsException'> (0x00000000f70d7b18) thrown at [C:\re\workspace\8-2-build-windows-amd64-cygwin\jdk8u121\8372\hotspot\src\share\vm\runtime\sharedRuntime.cpp, line 605]
Event: 1.030 Thread 0x0000000002fc2800 Exception <a 'java/lang/ArrayIndexOutOfBoundsException'> (0x00000000f7b3abb8) thrown at [C:\re\workspace\8-2-build-windows-amd64-cygwin\jdk8u121\8372\hotspot\src\share\vm\runtime\sharedRuntime.cpp, line 605]
Event: 1.031 Thread 0x0000000002fc2800 Exception <a 'java/lang/ArrayIndexOutOfBoundsException'> (0x00000000f7b3f500) thrown at [C:\re\workspace\8-2-build-windows-amd64-cygwin\jdk8u121\8372\hotspot\src\share\vm\runtime\sharedRuntime.cpp, line 605]
Event: 1.119 Thread 0x0000000002fc2800 Exception <a 'java/lang/ArrayIndexOutOfBoundsException': 66> (0x00000000f7eebc38) thrown at [C:\re\workspace\8-2-build-windows-amd64-cygwin\jdk8u121\8372\hotspot\src\share\vm\interpreter\interpreterRuntime.cpp, line 366]

Events (10 events):
Event: 1.627 loading class com/google/inject/internal/ProvisionListenerCallbackStore$1
Event: 1.627 loading class com/google/inject/internal/ProvisionListenerCallbackStore$1 done
Event: 1.628 loading class com/google/inject/internal/ScopeBindingProcessor
Event: 1.628 loading class com/google/inject/internal/ScopeBindingProcessor done
Event: 1.630 loading class com/google/inject/internal/InjectorShell
Event: 1.630 loading class com/google/inject/internal/InjectorShell done
Event: 1.630 loading class com/google/inject/internal/ConstantFactory
Event: 1.630 loading class com/google/inject/internal/ConstantFactory done
Event: 1.631 loading class com/google/inject/internal/Initializables
Event: 1.631 loading class com/google/inject/internal/Initializables done


Dynamic libraries:
0x00007ff71b1a0000 - 0x00007ff71b1d7000 	C:\Program Files\Java\jdk1.8.0_121\bin\java.exe
0x00007ffa4b5e0000 - 0x00007ffa4b7e9000 	C:\WINDOWS\SYSTEM32\ntdll.dll
0x00007ffa4b160000 - 0x00007ffa4b21e000 	C:\WINDOWS\System32\KERNEL32.DLL
0x00007ffa48b70000 - 0x00007ffa48ef4000 	C:\WINDOWS\System32\KERNELBASE.dll
0x00007ffa4ae30000 - 0x00007ffa4aedf000 	C:\WINDOWS\System32\ADVAPI32.dll
0x00007ffa49da0000 - 0x00007ffa49e43000 	C:\WINDOWS\System32\msvcrt.dll
0x00007ffa4b480000 - 0x00007ffa4b51e000 	C:\WINDOWS\System32\sechost.dll
0x00007ffa49a70000 - 0x00007ffa49b91000 	C:\WINDOWS\System32\RPCRT4.dll
0x00007ffa4ac60000 - 0x00007ffa4ae0d000 	C:\WINDOWS\System32\USER32.dll
0x00007ffa48f00000 - 0x00007ffa48f26000 	C:\WINDOWS\System32\win32u.dll
0x00007ffa49cc0000 - 0x00007ffa49cea000 	C:\WINDOWS\System32\GDI32.dll
0x00007ffa491b0000 - 0x00007ffa492cf000 	C:\WINDOWS\System32\gdi32full.dll
0x00007ffa49050000 - 0x00007ffa490ed000 	C:\WINDOWS\System32\msvcp_win.dll
0x00007ffa48f30000 - 0x00007ffa49041000 	C:\WINDOWS\System32\ucrtbase.dll
0x00007ffa37110000 - 0x00007ffa373b5000 	C:\WINDOWS\WinSxS\amd64_microsoft.windows.common-controls_6595b64144ccf1df_6.0.22000.120_none_9d947278b86cc467\COMCTL32.dll
0x00007ffa49d00000 - 0x00007ffa49d31000 	C:\WINDOWS\System32\IMM32.DLL
0x000000006bcb0000 - 0x000000006bd82000 	C:\Program Files\Java\jdk1.8.0_121\jre\bin\msvcr100.dll
0x000000006b410000 - 0x000000006bcab000 	C:\Program Files\Java\jdk1.8.0_121\jre\bin\server\jvm.dll
0x00007ffa4afb0000 - 0x00007ffa4afb8000 	C:\WINDOWS\System32\PSAPI.DLL
0x00007ffa41140000 - 0x00007ffa41173000 	C:\WINDOWS\SYSTEM32\WINMM.dll
0x00007ffa361c0000 - 0x00007ffa361c9000 	C:\WINDOWS\SYSTEM32\WSOCK32.dll
0x00007ffa40a20000 - 0x00007ffa40a2a000 	C:\WINDOWS\SYSTEM32\VERSION.dll
0x00007ffa4b2b0000 - 0x00007ffa4b31f000 	C:\WINDOWS\System32\WS2_32.dll
0x000000006b400000 - 0x000000006b40f000 	C:\Program Files\Java\jdk1.8.0_121\jre\bin\verify.dll
0x000000006b3d0000 - 0x000000006b3f9000 	C:\Program Files\Java\jdk1.8.0_121\jre\bin\java.dll
0x000000006ad20000 - 0x000000006ad43000 	C:\Program Files\Java\jdk1.8.0_121\jre\bin\instrument.dll
0x000000006b3b0000 - 0x000000006b3c6000 	C:\Program Files\Java\jdk1.8.0_121\jre\bin\zip.dll
0x00007ffa4a010000 - 0x00007ffa4a7d5000 	C:\WINDOWS\System32\SHELL32.dll
0x00007ffa469e0000 - 0x00007ffa47244000 	C:\WINDOWS\SYSTEM32\windows.storage.dll
0x00007ffa496f0000 - 0x00007ffa49a66000 	C:\WINDOWS\System32\combase.dll
0x00007ffa46870000 - 0x00007ffa469d7000 	C:\WINDOWS\SYSTEM32\wintypes.dll
0x00007ffa4afc0000 - 0x00007ffa4b0aa000 	C:\WINDOWS\System32\SHCORE.dll
0x00007ffa49d40000 - 0x00007ffa49d9d000 	C:\WINDOWS\System32\shlwapi.dll
0x00007ffa489b0000 - 0x00007ffa489d1000 	C:\WINDOWS\SYSTEM32\profapi.dll
0x00007ffa38b10000 - 0x00007ffa38b2a000 	C:\Program Files\JetBrains\IntelliJ IDEA Community Edition 2023.1.1\bin\breakgen64.dll
0x000000006b390000 - 0x000000006b3aa000 	C:\Program Files\Java\jdk1.8.0_121\jre\bin\net.dll
0x00007ffa47f60000 - 0x00007ffa47fc7000 	C:\WINDOWS\system32\mswsock.dll
0x00007ffa48190000 - 0x00007ffa481a8000 	C:\WINDOWS\SYSTEM32\CRYPTSP.dll
0x00007ffa47a10000 - 0x00007ffa47a45000 	C:\WINDOWS\system32\rsaenh.dll
0x00007ffa48020000 - 0x00007ffa48049000 	C:\WINDOWS\SYSTEM32\USERENV.dll
0x00007ffa48370000 - 0x00007ffa48397000 	C:\WINDOWS\SYSTEM32\bcrypt.dll
0x00007ffa48af0000 - 0x00007ffa48b6f000 	C:\WINDOWS\System32\bcryptprimitives.dll
0x00007ffa481b0000 - 0x00007ffa481bc000 	C:\WINDOWS\SYSTEM32\CRYPTBASE.dll
0x00007ffa475d0000 - 0x00007ffa475fd000 	C:\WINDOWS\SYSTEM32\IPHLPAPI.DLL
0x00007ffa4ac50000 - 0x00007ffa4ac59000 	C:\WINDOWS\System32\NSI.dll
0x00007ffa40af0000 - 0x00007ffa40b09000 	C:\WINDOWS\SYSTEM32\dhcpcsvc6.DLL
0x00007ffa413b0000 - 0x00007ffa413ce000 	C:\WINDOWS\SYSTEM32\dhcpcsvc.DLL
0x00007ffa47600000 - 0x00007ffa476e7000 	C:\WINDOWS\SYSTEM32\DNSAPI.dll
0x000000006b2a0000 - 0x000000006b2b1000 	C:\Program Files\Java\jdk1.8.0_121\jre\bin\nio.dll
0x00007ffa44f30000 - 0x00007ffa44f3a000 	C:\Users\sspin\AppData\Local\Temp\jansi-1.17.1-3471808628739214792.dll

VM Arguments:
jvm_args: -Dmaven.multiModuleProjectDirectory=C:\Users\sspin\IdeaProjects\restful-booker-serenity-week18 -Djansi.passthrough=true -Xms256m -Xmx512m -Dmaven.home=C:\Program Files\JetBrains\IntelliJ IDEA Community Edition 2023.1.1\plugins\maven\lib\maven3 -Dclassworlds.conf=C:\Program Files\JetBrains\IntelliJ IDEA Community Edition 2023.1.1\plugins\maven\lib\maven3\bin\m2.conf -Dmaven.ext.class.path=C:\Program Files\JetBrains\IntelliJ IDEA Community Edition 2023.1.1\plugins\maven\lib\maven-event-listener.jar -javaagent:C:\Program Files\JetBrains\IntelliJ IDEA Community Edition 2023.1.1\lib\idea_rt.jar=19621:C:\Program Files\JetBrains\IntelliJ IDEA Community Edition 2023.1.1\bin -Dfile.encoding=UTF-8 
java_command: org.codehaus.classworlds.Launcher -Didea.version=2023.1.1 install
java_class_path (initial): C:\Program Files\JetBrains\IntelliJ IDEA Community Edition 2023.1.1\plugins\maven\lib\maven3\boot\plexus-classworlds-2.6.0.jar;C:\Program Files\JetBrains\IntelliJ IDEA Community Edition 2023.1.1\plugins\maven\lib\maven3\boot\plexus-classworlds.license;C:\Program Files\JetBrains\IntelliJ IDEA Community Edition 2023.1.1\lib\idea_rt.jar
Launcher Type: SUN_STANDARD

Environment Variables:
JAVA_HOME=C:\Program Files\Java\jdk1.8.0_121
PATH=C:\ProgramData\Oracle\Java\javapath;C:\Program Files\Common Files\Oracle\Java\javapath;C:\Program Files (x86)\Intel\Intel(R) Management Engine Components\iCLS\;C:\Program Files\Intel\Intel(R) Management Engine Components\iCLS\;C:\WINDOWS\system32;C:\WINDOWS;C:\WINDOWS\System32\Wbem;C:\WINDOWS\System32\WindowsPowerShell\v1.0\;C:\WINDOWS\System32\OpenSSH\;C:\Program Files (x86)\Intel\Intel(R) Management Engine Components\DAL;C:\Program Files\Intel\Intel(R) Management Engine Components\DAL;C:\Program Files (x86)\Intel\Intel(R) Management Engine Components\IPT;C:\Program Files\Intel\Intel(R) Management Engine Components\IPT;C:\Program Files (x86)\HP\LoadRunner\strawberry-perl\perl\bin;C:\Program Files\dotnet\;C:\apache-maven-3.8.6\bin;C:\Program Files\Java\jdk1.8.0_73\bin;C:\Program Files\Git\cmd;C:\Program Files\Java\jdk1.8.0_121\bin;C:\Apache\apache-maven-3.9.3\bin;C:\Program Files\nodejs\;C:\Users\sspin\AppData\Local\Microsoft\WindowsApps;C:\Users\sspin\AppData\Roaming\npm
USERNAME=sspink2109
OS=Windows_NT
PROCESSOR_IDENTIFIER=Intel64 Family 6 Model 142 Stepping 10, GenuineIntel



---------------  S Y S T E M  ---------------

OS: Windows 10.0 , 64 bit Build 22000 (10.0.22000.2003)

CPU:total 8 (4 cores per cpu, 2 threads per core) family 6 model 142 stepping 10, cmov, cx8, fxsr, mmx, sse, sse2, sse3, ssse3, sse4.1, sse4.2, popcnt, avx, avx2, aes, clmul, erms, 3dnowpref, lzcnt, ht, tsc, tscinvbit, bmi1, bmi2, adx

Memory: 4k page, physical 8218028k(472928k free), swap 19300648k(6700k free)

vm_info: Java HotSpot(TM) 64-Bit Server VM (25.121-b13) for windows-amd64 JRE (1.8.0_121-b13), built on Dec 12 2016 18:21:36 by "java_re" with MS VC++ 10.0 (VS2010)

time: Tue Aug 08 13:39:10 2023
elapsed time: 1 seconds (0d 0h 0m 1s)

